1                                         The SAS System       19:30 Wednesday, September 17, 2014

NOTE: Unable to open SASUSER.PROFILE. WORK.PROFILE will be opened instead.
NOTE: All profile changes will be lost at the end of the session.
NOTE: Copyright (c) 2002-2010 by SAS Institute Inc., Cary, NC, USA. 
NOTE: SAS (r) Proprietary Software 9.3 (TS1M2) 
      Licensed to VENTANA MEDICAL SYSTEMS INC, Site 70085316.
NOTE: This session is executing on the X64_7PRO  platform.



NOTE: Enhanced analytical products:

SAS/STAT 12.1

NOTE: SAS initialization used:
      real time           0.46 seconds
      cpu time            0.42 seconds
      
1          /*
2           This file is auto-generated by the statrep package.
3           Do not edit this file or your changes will be lost.
4           Edit the LaTeX file instead.
5          
6           See the statrep package documentation and the file
7           statrep.cfg for information on these settings.
8           */
9          
10         
11         %include "LaRoche_Assignment2_CPH576D_SR_preamble.sas" /nosource;
1441       /* Remove all output files. */
1442       %hostdel
1443       
1444       /* Start program with a null title. */
1445       title;
1446       
1447       /*create dummy variables for race and female*/
1448       data gfr;
1449       set class.test_sample_3b;
ERROR: Libname CLASS is not assigned.
1450       if (r_gender = 'U' or r_gender = '') then r_gender = .; /*set U or
1450     ! blank to missing in gender*/
1451       if r_gender = . then fem = .;
1452       if r_gender = 'F' then fem = 1;
1453       if r_gender = 'M' then fem = 0;
1454       if r_race = 'AfrAmeri' then blk = 1;
1455         else blk = 0;
1456       run;

NOTE: Numeric values have been converted to character 
      values at the places given by: (Line):(Column).
      1450:54   
NOTE: Character values have been converted to numeric 
      values at the places given by: (Line):(Column).
      1451:4   
NOTE: The SAS System stopped processing this step because of errors.
NOTE: SAS set option OBS=0 and will continue to check statements. 
      This might cause NOTE: No observations in data set.
WARNING: The data set WORK.GFR may be incomplete.  When this step was stopped 
         there were 0 observations and 4 variables.
NOTE: DATA statement used (Total process time):
      real time           0.00 seconds
      cpu time            0.00 seconds
      

1457       
1458       /*use arrays to loop through each CR measurement
1459       and calculate eGFR*/
1460       data egfr;
1461       set gfr;
1462       
1463         egfr_base = 186*(cr{i}**-1.154)*(r_age**-0.203);
ERROR: Undeclared array referenced: cr.
ERROR: Variable cr has not been declared as an array.
1464       if (fem = 1 and blk = 1) then egfr = egfr_base*1.21*0.742;
1465       if (fem = 1 and blk = 0) then egfr = egfr_base*0.742;
1466       if (fem = 0 and blk = 1) then egfr = egfr_base*1.21;
1467       if (fem = 0 and blk = 0) then egfr = egfr_base;
1468       end;
           ___
           161
ERROR 161-185: No matching DO/SELECT statement.

1469       drop egfr_base;
1470       run;

NOTE: The SAS System stopped processing this step because of errors.
WARNING: The data set WORK.EGFR may be incomplete.  When this step was stopped 
         there were 0 observations and 7 variables.
NOTE: DATA statement used (Total process time):
      real time           0.00 seconds
      cpu time            0.00 seconds
      

1471       
1472       
1473       /* ceate ckd stages- care must be taken since the range of egfr
1474       is outside the values for ckd stage.
1475       I will create a stage 0 which indicates healthy kidney function.
1476       Also missing values are considered very
1477       small numbers so I will have to be careful of those*/
1478       
1479       data ckd;
1480       set egfr;
1481       if (egfr > 100) then ckdstg = 0;
1482       if (90 le egfr le 100) then ckdstg = 1;
1483       if (60 le egfr lt 90) then ckdstg = 2;
1484       if (30 le egfr lt 60) then ckdstg = 3;
1485       if (15 le egfr lt 30) then ckdstg = 4;
1486       if (0 le egfr lt 15) then ckdstg = 5;
1487       run;

NOTE: The data set WORK.CKD has 0 observations and 8 variables.
NOTE: DATA statement used (Total process time):
      real time           0.00 seconds
      cpu time            0.00 seconds
      

1488       
1489       
1490       %output(gfr)
WARNING: SASUSER.TEMPLAT is not a template store! It will be ignored.
1491       proc freq data=class.test_sample_3b;
ERROR: Libname CLASS is not assigned.
1492       tables diabetes_type r_gender r_race;
ERROR: No data set open to look up variables.
ERROR: No data set open to look up variables.
ERROR: No data set open to look up variables.
1493       run;

NOTE: The SAS System stopped processing this step because of errors.
NOTE: PROCEDURE FREQ used (Total process time):
      real time           0.00 seconds
      cpu time            0.00 seconds
      
1494       


1495       proc univariate data=egfr ;
1496       var egfr_1M;
ERROR: Variable EGFR_1M not found.
1497       histogram;
1498       run;

NOTE: The SAS System stopped processing this step because of errors.
NOTE: PROCEDURE UNIVARIATE used (Total process time):
      real time           0.00 seconds
      cpu time            0.00 seconds
      
1499       


1500       proc freq data=ckd;
1501       tables ckdstg;
1502       run;

NOTE: No observations in data set WORK.CKD.
NOTE: PROCEDURE FREQ used (Total process time):
      real time           0.00 seconds
      cpu time            0.00 seconds
      

1503       
1504       proc freq data=ckd;
1505       tables kfunc_1M*kfunc_3Y;
ERROR: Variable KFUNC_1M not found.
ERROR: Variable KFUNC_3Y not found.
1506       run;

NOTE: The SAS System stopped processing this step because of errors.
NOTE: PROCEDURE FREQ used (Total process time):
      real time           0.00 seconds
      cpu time            0.00 seconds
      
1507       
1508       %endoutput(gfr)
1509       
1510       %write(gfra,store=gfr,type=listing)
NOTE: Processing document gfr.
ERROR: Document gfr does not exist.
ERROR: Macro write ended abnormally.
1511       
1512       %write(gfra,store=gfr,type=graphic)
NOTE: Processing document gfr.
ERROR: Document gfr does not exist.
ERROR: Macro write ended abnormally.
1513       

ERROR: Errors printed on page 1.

NOTE: SAS Institute Inc., SAS Campus Drive, Cary, NC USA 27513-2414
NOTE: The SAS System used:
      real time           0.81 seconds
      cpu time            0.60 seconds
      
